Arguments: 
  C:\Program Files\nodejs\node.exe C:\Program Files (x86)\Yarn\bin\yarn.js cache list

PATH: 
  C:\Program Files\Alacritty\;C:\ProgramData\Python27\;C:\ProgramData\Python27\Scripts;C:\Program Files (x86)\Intel\Intel(R) Management Engine Components\iCLS\;C:\Program Files\Intel\Intel(R) Management Engine Components\iCLS\;C:\Windows\system32;C:\Windows;C:\Windows\System32\Wbem;C:\Windows\System32\WindowsPowerShell\v1.0\;C:\Windows\System32\OpenSSH\;C:\Program Files (x86)\Intel\Intel(R) Management Engine Components\DAL;C:\Program Files\Intel\Intel(R) Management Engine Components\DAL;C:\Program Files (x86)\Intel\Intel(R) Management Engine Components\IPT;C:\Program Files\Intel\Intel(R) Management Engine Components\IPT;C:\Program Files\nodejs\;C:\Program Files\Git\cmd;C:\Program Files\PuTTY\;C:\ProgramData\chocolatey\bin;C:\Program Files (x86)\Yarn\bin\;C:\Program Files\dotnet\;C:\Program Files\gnuplot\bin;C:\Program Files\Intel\WiFi\bin\;C:\Program Files\Common Files\Intel\WirelessCommon\;C:\Users\Michael\AppData\Local\Programs\Python\Python36\Scripts\;C:\Users\Michael\AppData\Local\Programs\Python\Python36\;C:\Users\Michael\AppData\Local\Programs\Python\Python37\Scripts\;C:\Users\Michael\AppData\Local\Programs\Python\Python37\;C:\Users\Michael\.cargo\bin;C:\Users\Michael\AppData\Local\Microsoft\WindowsApps;C:\Users\Michael\AppData\Local\Programs\Microsoft VS Code Insiders\bin;C:\Users\Michael\AppData\Roaming\npm;C:\Users\Michael\AppData\Local\Yarn\bin;C:\Users\Michael\AppData\Local\GitHubDesktop\bin;C:\Users\Michael\.dotnet\tools

Yarn version: 
  1.15.2

Node version: 
  10.15.3

Platform: 
  win32 x64

Trace: 
  Invariant Violation: There should only be one folder in a package cache (got  in C:\Users\Michael\AppData\Local\Yarn\Cache\v4\npm-@types-wasm-game-of-life-0.0.0-45881c41-0b07-4515-ac18-3005bcae96b8-1565134404195\node_modules\@types)
      at invariant (C:\Program Files (x86)\Yarn\lib\cli.js:2168:15)
      at C:\Program Files (x86)\Yarn\lib\cli.js:58733:11
      at Generator.next (<anonymous>)
      at step (C:\Program Files (x86)\Yarn\lib\cli.js:304:30)
      at C:\Program Files (x86)\Yarn\lib\cli.js:315:13

npm manifest: 
  {
    "name": "nest-template",
    "version": "0.1.0",
    "description": "NestJS API project template crafted for Docker environments",
    "author": "Saluki",
    "license": "MIT",
    "private": true,
    "scripts": {
      "clean": "rimraf ./dist",
      "start": "node dist/server.js",
      "dev": "env-cmd -f .env nodemon",
      "build": "npm run clean && tsc",
      "test": "env-cmd -f .env jest --config=jest.json --notify",
      "lint": "tslint -p tsconfig.json -c tslint.json 'src/**/*.ts'",
      "migration:create": "env-cmd -f .env rm -typeorm migration:create -n",
      "migration:run": "env-cmd -f .env ts-node ./node_modules/.bin/typeorm migration:run",
      "migration:revert": "env-cmd -f .env ts-node ./node_modules/.bin/typeorm migration:revert"
    },
    "dependencies": {
      "@nestjs/common": "^6.8.5",
      "@nestjs/core": "^6.8.5",
      "@nestjs/platform-express": "^6.8.5",
      "@nestjs/swagger": "^3.1.0",
      "@nestjs/testing": "^6.8.5",
      "@nestjs/typeorm": "^6.2.0",
      "body-parser": "^1.19.0",
      "cors": "^2.8.5",
      "express": "^4.17.1",
      "helmet": "^3.21.2",
      "joi": "^14.3.1",
      "jsonwebtoken": "^8.5.1",
      "lodash": "^4.17.15",
      "mysql": "^2.17.1",
      "reflect-metadata": "^0.1.13",
      "rxjs": "^6.5.3",
      "swagger-ui-express": "^4.1.2",
      "typeorm": "^0.2.20",
      "winston": "^3.2.1"
    },
    "devDependencies": {
      "@types/body-parser": "^1.17.1",
      "@types/cors": "^2.8.6",
      "@types/express": "^4.17.1",
      "@types/helmet": "^0.0.44",
      "@types/jest": "^24.0.20",
      "@types/joi": "^14.3.3",
      "@types/jsonwebtoken": "^8.3.5",
      "@types/lodash": "^4.14.144",
      "@types/node": "^12.0.0",
      "@types/supertest": "^2.0.8",
      "@types/winston": "^2.4.4",
      "env-cmd": "^10.0.1",
      "husky": "^3.0.9",
      "jest": "^24.9.0",
      "nodemon": "^1.19.4",
      "rimraf": "^3.0.0",
      "supertest": "^4.0.2",
      "ts-jest": "^24.1.0",
      "ts-node": "^8.4.1",
      "tslint": "^5.20.0",
      "tslint-config-security": "^1.16.0",
      "typescript": "^3.6.4"
    },
    "husky": {
      "hooks": {
        "pre-commit": "npm run lint"
      }
    }
  }

yarn manifest: 
  No manifest

Lockfile: 
  No lockfile
